<?xml version="1.0" encoding="UTF-8"?>
<!-- Generated by org.testng.reporters.JUnitXMLReporter -->
<testsuite ignored="0" hostname="DESKTOP-UN8LC8V" failures="0" tests="6" name="Default test" time="376.77" errors="0" timestamp="2025-04-18T01:34:31 IDT">
  <testcase classname="loginfeaturse" name="testLoginScenarios" time="21.902"/>
  <testcase classname="loginfeaturse" name="testLoginScenarios" time="16.446"/>
  <testcase classname="loginfeaturse" name="testLoginScenarios" time="5.349"/>
  <testcase classname="loginfeaturse" name="testAddOrUpdateEmployee" time="79.072"/>
  <testcase classname="loginfeaturse" name="testAddOrUpdateEmployee" time="88.929"/>
  <testcase classname="loginfeaturse" name="testSearchJobTitle" time="20.45"/>
</testsuite> <!-- Default test -->
