<?xml version="1.0" encoding="UTF-8"?>
<testng-results ignored="0" total="6" passed="6" failed="0" skipped="0">
  <reporter-output>
  </reporter-output>
  <suite started-at="2025-04-18T01:28:15 IDT" name="Default suite" finished-at="2025-04-18T01:34:31 IDT" duration-ms="376770">
    <groups>
    </groups>
    <test started-at="2025-04-18T01:28:15 IDT" name="Default test" finished-at="2025-04-18T01:34:31 IDT" duration-ms="376770">
      <class name="loginfeaturse">
        <test-method is-config="true" signature="setup()[pri:0, instance:loginfeaturse@5fbe4146]" started-at="2025-04-18T01:28:16 IDT" name="setup" finished-at="2025-04-18T01:28:42 IDT" duration-ms="26080" status="PASS">
          <reporter-output>
          </reporter-output>
        </test-method> <!-- setup -->
        <test-method signature="testLoginScenarios(java.lang.String,java.lang.String,boolean)[pri:0, instance:loginfeaturse@5fbe4146]" started-at="2025-04-18T01:28:42 IDT" name="testLoginScenarios" data-provider="loginDataFromExcel" finished-at="2025-04-18T01:29:04 IDT" duration-ms="21902" status="PASS">
          <params>
            <param index="0">
              <value>
                <![CDATA[Admin]]>
              </value>
            </param>
            <param index="1">
              <value>
                <![CDATA[admin123]]>
              </value>
            </param>
            <param index="2">
              <value>
                <![CDATA[true]]>
              </value>
            </param>
          </params>
          <reporter-output>
          </reporter-output>
        </test-method> <!-- testLoginScenarios -->
        <test-method is-config="true" signature="tearDown()[pri:0, instance:loginfeaturse@5fbe4146]" started-at="2025-04-18T01:29:04 IDT" name="tearDown" finished-at="2025-04-18T01:29:05 IDT" duration-ms="718" status="PASS">
          <reporter-output>
          </reporter-output>
        </test-method> <!-- tearDown -->
        <test-method is-config="true" signature="setup()[pri:0, instance:loginfeaturse@5fbe4146]" started-at="2025-04-18T01:29:05 IDT" name="setup" finished-at="2025-04-18T01:29:23 IDT" duration-ms="17734" status="PASS">
          <reporter-output>
          </reporter-output>
        </test-method> <!-- setup -->
        <test-method signature="testLoginScenarios(java.lang.String,java.lang.String,boolean)[pri:0, instance:loginfeaturse@5fbe4146]" started-at="2025-04-18T01:29:23 IDT" name="testLoginScenarios" data-provider="loginDataFromExcel" finished-at="2025-04-18T01:29:39 IDT" duration-ms="16446" status="PASS">
          <params>
            <param index="0">
              <value>
                <![CDATA[admi]]>
              </value>
            </param>
            <param index="1">
              <value>
                <![CDATA[admin123]]>
              </value>
            </param>
            <param index="2">
              <value>
                <![CDATA[false]]>
              </value>
            </param>
          </params>
          <reporter-output>
          </reporter-output>
        </test-method> <!-- testLoginScenarios -->
        <test-method is-config="true" signature="tearDown()[pri:0, instance:loginfeaturse@5fbe4146]" started-at="2025-04-18T01:29:39 IDT" name="tearDown" finished-at="2025-04-18T01:29:39 IDT" duration-ms="291" status="PASS">
          <reporter-output>
          </reporter-output>
        </test-method> <!-- tearDown -->
        <test-method is-config="true" signature="setup()[pri:0, instance:loginfeaturse@5fbe4146]" started-at="2025-04-18T01:29:39 IDT" name="setup" finished-at="2025-04-18T01:30:12 IDT" duration-ms="32857" status="PASS">
          <reporter-output>
          </reporter-output>
        </test-method> <!-- setup -->
        <test-method signature="testLoginScenarios(java.lang.String,java.lang.String,boolean)[pri:0, instance:loginfeaturse@5fbe4146]" started-at="2025-04-18T01:30:12 IDT" name="testLoginScenarios" data-provider="loginDataFromExcel" finished-at="2025-04-18T01:30:18 IDT" duration-ms="5349" status="PASS">
          <params>
            <param index="0">
              <value>
                <![CDATA[Admin]]>
              </value>
            </param>
            <param index="1">
              <value>
                <![CDATA[123.0]]>
              </value>
            </param>
            <param index="2">
              <value>
                <![CDATA[false]]>
              </value>
            </param>
          </params>
          <reporter-output>
          </reporter-output>
        </test-method> <!-- testLoginScenarios -->
        <test-method is-config="true" signature="tearDown()[pri:0, instance:loginfeaturse@5fbe4146]" started-at="2025-04-18T01:30:18 IDT" name="tearDown" finished-at="2025-04-18T01:30:18 IDT" duration-ms="278" status="PASS">
          <reporter-output>
          </reporter-output>
        </test-method> <!-- tearDown -->
        <test-method is-config="true" signature="setup()[pri:0, instance:loginfeaturse@5fbe4146]" started-at="2025-04-18T01:30:18 IDT" name="setup" finished-at="2025-04-18T01:30:46 IDT" duration-ms="27732" status="PASS">
          <reporter-output>
          </reporter-output>
        </test-method> <!-- setup -->
        <test-method signature="testAddOrUpdateEmployee(java.lang.String,java.lang.String,java.lang.String,java.lang.String,java.lang.String,java.lang.String)[pri:1, instance:loginfeaturse@5fbe4146]" started-at="2025-04-18T01:30:46 IDT" name="testAddOrUpdateEmployee" data-provider="employeeDataFromExcel" finished-at="2025-04-18T01:32:05 IDT" duration-ms="79072" status="PASS">
          <params>
            <param index="0">
              <value>
                <![CDATA[islam]]>
              </value>
            </param>
            <param index="1">
              <value>
                <![CDATA[ali]]>
              </value>
            </param>
            <param index="2">
              <value>
                <![CDATA[ali]]>
              </value>
            </param>
            <param index="3">
              <value>
                <![CDATA[9876]]>
              </value>
            </param>
            <param index="4">
              <value>
                <![CDATA[QA Engineer]]>
              </value>
            </param>
            <param index="5">
              <value>
                <![CDATA[add]]>
              </value>
            </param>
          </params>
          <reporter-output>
          </reporter-output>
        </test-method> <!-- testAddOrUpdateEmployee -->
        <test-method is-config="true" signature="tearDown()[pri:0, instance:loginfeaturse@5fbe4146]" started-at="2025-04-18T01:32:05 IDT" name="tearDown" finished-at="2025-04-18T01:32:05 IDT" duration-ms="374" status="PASS">
          <reporter-output>
          </reporter-output>
        </test-method> <!-- tearDown -->
        <test-method is-config="true" signature="setup()[pri:0, instance:loginfeaturse@5fbe4146]" started-at="2025-04-18T01:32:05 IDT" name="setup" finished-at="2025-04-18T01:32:20 IDT" duration-ms="14348" status="PASS">
          <reporter-output>
          </reporter-output>
        </test-method> <!-- setup -->
        <test-method signature="testAddOrUpdateEmployee(java.lang.String,java.lang.String,java.lang.String,java.lang.String,java.lang.String,java.lang.String)[pri:1, instance:loginfeaturse@5fbe4146]" started-at="2025-04-18T01:32:20 IDT" name="testAddOrUpdateEmployee" data-provider="employeeDataFromExcel" finished-at="2025-04-18T01:33:49 IDT" duration-ms="88929" status="PASS">
          <params>
            <param index="0">
              <value>
                <![CDATA[ali]]>
              </value>
            </param>
            <param index="1">
              <value>
                <![CDATA[ahmad]]>
              </value>
            </param>
            <param index="2">
              <value>
                <![CDATA[amer]]>
              </value>
            </param>
            <param index="3">
              <value>
                <![CDATA[689]]>
              </value>
            </param>
            <param index="4">
              <value>
                <![CDATA[HR Manager]]>
              </value>
            </param>
            <param index="5">
              <value>
                <![CDATA[update]]>
              </value>
            </param>
          </params>
          <reporter-output>
          </reporter-output>
        </test-method> <!-- testAddOrUpdateEmployee -->
        <test-method is-config="true" signature="tearDown()[pri:0, instance:loginfeaturse@5fbe4146]" started-at="2025-04-18T01:33:49 IDT" name="tearDown" finished-at="2025-04-18T01:33:49 IDT" duration-ms="343" status="PASS">
          <reporter-output>
          </reporter-output>
        </test-method> <!-- tearDown -->
        <test-method is-config="true" signature="setup()[pri:0, instance:loginfeaturse@5fbe4146]" started-at="2025-04-18T01:33:49 IDT" name="setup" finished-at="2025-04-18T01:34:10 IDT" duration-ms="21617" status="PASS">
          <reporter-output>
          </reporter-output>
        </test-method> <!-- setup -->
        <test-method signature="testSearchJobTitle()[pri:2, instance:loginfeaturse@5fbe4146]" started-at="2025-04-18T01:34:10 IDT" name="testSearchJobTitle" finished-at="2025-04-18T01:34:31 IDT" duration-ms="20450" status="PASS">
          <reporter-output>
          </reporter-output>
        </test-method> <!-- testSearchJobTitle -->
        <test-method is-config="true" signature="tearDown()[pri:0, instance:loginfeaturse@5fbe4146]" started-at="2025-04-18T01:34:31 IDT" name="tearDown" finished-at="2025-04-18T01:34:31 IDT" duration-ms="500" status="PASS">
          <reporter-output>
          </reporter-output>
        </test-method> <!-- tearDown -->
      </class> <!-- loginfeaturse -->
    </test> <!-- Default test -->
  </suite> <!-- Default suite -->
</testng-results>
